
  .   ____          _            __ _ _
 /\\ / ___'_ __ _ _(_)_ __  __ _ \ \ \ \
( ( )\___ | '_ | '_| | '_ \/ _` | \ \ \ \
 \\/  ___)| |_)| | | | | || (_| |  ) ) ) )
  '  |____| .__|_| |_|_| |_\__, | / / / /
 =========|_|==============|___/=/_/_/_/

 :: Spring Boot ::                (v3.5.9)

2026-02-28 14:33:22 [main] INFO  c.e.H.HealthAssistBackendApplication - Starting HealthAssistBackendApplication v0.0.1-SNAPSHOT using Java 21 with PID 588 (C:\Users\aadishkumar.jain\Additional Training\Capstone Project\HealthAssistBackend\target\HealthAssistBackend-0.0.1-SNAPSHOT.jar started by aadishkumar.jain in C:\Users\aadishkumar.jain\Additional Training\Capstone Project\HealthAssistBackend)
2026-02-28 14:33:22 [main] DEBUG c.e.H.HealthAssistBackendApplication - Running with Spring Boot v3.5.9, Spring v6.2.15
2026-02-28 14:33:22 [main] INFO  c.e.H.HealthAssistBackendApplication - No active profile set, falling back to 1 default profile: "default"
2026-02-28 14:33:28 [main] INFO  o.s.d.r.c.RepositoryConfigurationDelegate - Bootstrapping Spring Data JPA repositories in DEFAULT mode.
2026-02-28 14:33:28 [main] INFO  o.s.d.r.c.RepositoryConfigurationDelegate - Finished Spring Data repository scanning in 393 ms. Found 4 JPA repository interfaces.
2026-02-28 14:33:30 [main] INFO  o.s.b.w.e.tomcat.TomcatWebServer - Tomcat initialized with port 8080 (http)
2026-02-28 14:33:30 [main] INFO  o.a.catalina.core.StandardService - Starting service [Tomcat]
2026-02-28 14:33:30 [main] INFO  o.a.catalina.core.StandardEngine - Starting Servlet engine: [Apache Tomcat/10.1.50]
2026-02-28 14:33:31 [main] INFO  o.a.c.c.C.[Tomcat].[localhost].[/] - Initializing Spring embedded WebApplicationContext
2026-02-28 14:33:31 [main] INFO  o.s.b.w.s.c.ServletWebServerApplicationContext - Root WebApplicationContext: initialization completed in 8044 ms
2026-02-28 14:33:31 [main] INFO  com.zaxxer.hikari.HikariDataSource - HikariPool-1 - Starting...
2026-02-28 14:33:32 [main] INFO  com.zaxxer.hikari.pool.HikariPool - HikariPool-1 - Added connection org.mariadb.jdbc.Connection@22ae32ba
2026-02-28 14:33:32 [main] INFO  com.zaxxer.hikari.HikariDataSource - HikariPool-1 - Start completed.
2026-02-28 14:33:32 [main] INFO  o.h.jpa.internal.util.LogHelper - HHH000204: Processing PersistenceUnitInfo [name: default]
2026-02-28 14:33:32 [main] INFO  org.hibernate.Version - HHH000412: Hibernate ORM core version 6.6.39.Final
2026-02-28 14:33:32 [main] INFO  o.h.c.i.RegionFactoryInitiator - HHH000026: Second-level cache disabled
2026-02-28 14:33:33 [main] INFO  o.s.o.j.p.SpringPersistenceUnitInfo - No LoadTimeWeaver setup: ignoring JPA class transformer
2026-02-28 14:33:33 [main] WARN  org.hibernate.orm.deprecation - HHH90000025: MariaDBDialect does not need to be specified explicitly using 'hibernate.dialect' (remove the property setting and it will be selected by default)
2026-02-28 14:33:33 [main] INFO  o.hibernate.orm.connections.pooling - HHH10001005: Database info:
	Database JDBC URL [Connecting through datasource 'HikariDataSource (HikariPool-1)']
	Database driver: undefined/unknown
	Database version: 11.8.2
	Autocommit mode: undefined/unknown
	Isolation level: undefined/unknown
	Minimum pool size: undefined/unknown
	Maximum pool size: undefined/unknown
2026-02-28 14:33:34 [main] INFO  o.h.e.t.j.p.i.JtaPlatformInitiator - HHH000489: No JTA platform available (set 'hibernate.transaction.jta.platform' to enable JTA platform integration)
2026-02-28 14:33:35 [main] INFO  o.s.o.j.LocalContainerEntityManagerFactoryBean - Initialized JPA EntityManagerFactory for persistence unit 'default'
2026-02-28 14:33:35 [main] INFO  c.a.c.h.n.i.NettyUtility - {"az.sdk.message":"The following Netty versions were found on the classpath and have a mismatch with the versions used by azure-core-http-netty. If your application runs without issue this message can be ignored, otherwise please align the Netty versions used in your application. For more information, see https://aka.ms/azsdk/java/dependency/troubleshoot.","azure-netty-version":"4.1.118.Final","azure-netty-native-version":"2.0.70.Final","classpath-netty-version-io.netty:netty-common":"4.1.130.Final","classpath-netty-version-io.netty:netty-handler":"4.1.130.Final","classpath-netty-version-io.netty:netty-handler-proxy":"4.1.130.Final","classpath-netty-version-io.netty:netty-buffer":"4.1.130.Final","classpath-netty-version-io.netty:netty-codec":"4.1.130.Final","classpath-netty-version-io.netty:netty-codec-http":"4.1.130.Final","classpath-netty-version-io.netty:netty-codec-http2":"4.1.130.Final","classpath-netty-version-io.netty:netty-transport-native-unix-common":"4.1.130.Final","classpath-netty-version-io.netty:netty-transport-native-epoll":"4.1.130.Final","classpath-netty-version-io.netty:netty-transport-native-kqueue":"4.1.130.Final","classpath-native-netty-version-io.netty:netty-tcnative-boringssl-static":"2.0.74.Final"}
2026-02-28 14:33:36 [main] INFO  o.s.d.j.r.query.QueryEnhancerFactory - Hibernate is in classpath; If applicable, HQL parser will be used.
2026-02-28 14:33:40 [main] WARN  o.s.b.a.o.j.JpaBaseConfiguration$JpaWebConfiguration - spring.jpa.open-in-view is enabled by default. Therefore, database queries may be performed during view rendering. Explicitly configure spring.jpa.open-in-view to disable this warning
2026-02-28 14:33:42 [main] INFO  o.s.b.a.e.web.EndpointLinksResolver - Exposing 3 endpoints beneath base path '/actuator'
2026-02-28 14:33:42 [main] INFO  o.s.b.w.e.tomcat.TomcatWebServer - Tomcat started on port 8080 (http) with context path '/'
2026-02-28 14:33:42 [main] INFO  c.e.H.HealthAssistBackendApplication - Started HealthAssistBackendApplication in 21.7 seconds (process running for 23.949)
2026-02-28 14:34:12 [http-nio-8080-exec-1] INFO  o.a.c.c.C.[Tomcat].[localhost].[/] - Initializing Spring DispatcherServlet 'dispatcherServlet'
2026-02-28 14:34:12 [http-nio-8080-exec-1] INFO  o.s.web.servlet.DispatcherServlet - Initializing Servlet 'dispatcherServlet'
2026-02-28 14:34:12 [http-nio-8080-exec-1] INFO  o.s.web.servlet.DispatcherServlet - Completed initialization in 1 ms
2026-02-28 14:34:58 [http-nio-8080-exec-2] INFO  c.e.H.controller.AuditController - GET /audit/WF-1C6ACB99
2026-02-28 14:35:06 [http-nio-8080-exec-3] INFO  c.e.H.controller.AuditController - GET /audit/WF-1C6ACB99
2026-02-28 14:35:31 [http-nio-8080-exec-6] INFO  c.e.H.controller.AuditController - GET /audit/WF-E267FBF2
2026-02-28 14:36:50 [http-nio-8080-exec-1] INFO  c.e.H.controller.AuditController - GET /audit/WF-1C6ACB99
2026-02-28 14:36:53 [http-nio-8080-exec-2] INFO  c.e.H.controller.AuditController - GET /audit/WF-1C6ACB99
2026-02-28 14:36:55 [http-nio-8080-exec-3] INFO  c.e.H.controller.AuditController - GET /audit/WF-1C6ACB99
2026-02-28 14:40:51 [http-nio-8080-exec-6] INFO  c.e.H.controller.AuditController - GET /audit/WF-1C6ACB99
2026-02-28 15:59:46 [HikariPool-1:housekeeper] WARN  com.zaxxer.hikari.pool.HikariPool - HikariPool-1 - Thread starvation or clock leap detected (housekeeper delta=53m43s376ms193µs500ns).
2026-02-28 16:51:32 [http-nio-8080-exec-8] INFO  c.e.H.controller.AuditController - GET /audit/WF-1C6ACB99
2026-02-28 16:51:33 [http-nio-8080-exec-7] INFO  c.e.H.controller.AuditController - GET /audit/WF-1C6ACB99
2026-02-28 16:51:35 [http-nio-8080-exec-10] INFO  c.e.H.controller.AuditController - GET /audit/WF-1C6ACB99
2026-02-28 16:54:16 [http-nio-8080-exec-2] INFO  c.e.H.controller.ChatController - POST /ai/agent/health - message length: 25
2026-02-28 16:54:16 [http-nio-8080-exec-2] INFO  c.e.H.service.ChatService - Agent chat request: Finding available doctors
2026-02-28 16:54:16 [http-nio-8080-exec-2] INFO  c.e.H.agent.HealthAgentOrchestrator - [WF-15D60E85] Orchestrator processing query
2026-02-28 16:54:16 [http-nio-8080-exec-2] DEBUG c.e.H.service.AuditService - Audit [WF-15D60E85] Step 0: GUARDRAIL_PIPELINE by GuardrailPipeline (risk: LOW, escalated: false)
2026-02-28 16:54:20 [http-nio-8080-exec-2] DEBUG c.e.H.service.AuditService - Audit [WF-15D60E85] Step 1: INTENT_CLASSIFIED by Orchestrator (risk: LOW, escalated: false)
2026-02-28 16:54:20 [http-nio-8080-exec-2] DEBUG c.e.H.service.AuditService - Audit [WF-15D60E85] Step 1: DOCTOR_AVAILABILITY by Orchestrator (risk: LOW, escalated: false)
2026-02-28 16:54:20 [http-nio-8080-exec-2] DEBUG c.e.H.service.AuditService - Audit [WF-15D60E85] Step 99: ORCHESTRATOR_COMPLETE by Orchestrator (risk: LOW, escalated: false)
2026-02-28 17:17:45 [HikariPool-1:housekeeper] WARN  com.zaxxer.hikari.pool.HikariPool - HikariPool-1 - Thread starvation or clock leap detected (housekeeper delta=5m59s179ms680µs400ns).
2026-02-28 17:54:28 [http-nio-8080-exec-6] INFO  c.e.H.controller.ChatController - POST /ai/agent/health - message length: 55
2026-02-28 17:54:28 [http-nio-8080-exec-6] INFO  c.e.H.service.ChatService - Agent chat request: I have a severe headache and mild fever since yesterday
2026-02-28 17:54:28 [http-nio-8080-exec-6] INFO  c.e.H.agent.HealthAgentOrchestrator - [WF-D0D3E7EC] Orchestrator processing query
2026-02-28 17:54:28 [http-nio-8080-exec-6] WARN  c.e.H.g.RiskClassifierService - HIGH risk classified for input: I have a severe headache and mild fever since yesterday
2026-02-28 17:54:28 [http-nio-8080-exec-6] DEBUG c.e.H.service.AuditService - Audit [WF-D0D3E7EC] Step 0: GUARDRAIL_PIPELINE by GuardrailPipeline (risk: HIGH, escalated: true)
2026-02-28 17:54:28 [http-nio-8080-exec-6] WARN  c.e.H.agent.EmergencyRoutingAgent - [WF-D0D3E7EC] EmergencyRoutingAgent activated for: I have a severe headache and mild fever since yesterday
2026-02-28 17:54:28 [http-nio-8080-exec-6] WARN  c.e.H.g.RiskClassifierService - HIGH risk classified for input: I have a severe headache and mild fever since yesterday
2026-02-28 17:54:34 [http-nio-8080-exec-6] DEBUG c.e.H.service.AuditService - Audit [WF-D0D3E7EC] Step 1: HIGH_RISK_ESCALATION by EmergencyRoutingAgent (risk: HIGH, escalated: true)
2026-02-28 17:54:54 [http-nio-8080-exec-8] INFO  c.e.H.controller.ChatController - POST /ai/agent/health - message length: 28
2026-02-28 17:54:54 [http-nio-8080-exec-8] INFO  c.e.H.service.ChatService - Agent chat request: Where is the emergency room?
2026-02-28 17:54:54 [http-nio-8080-exec-8] INFO  c.e.H.agent.HealthAgentOrchestrator - [WF-34650B78] Orchestrator processing query
2026-02-28 17:54:54 [http-nio-8080-exec-8] DEBUG c.e.H.service.AuditService - Audit [WF-34650B78] Step 0: GUARDRAIL_PIPELINE by GuardrailPipeline (risk: LOW, escalated: false)
2026-02-28 17:54:55 [http-nio-8080-exec-8] DEBUG c.e.H.service.AuditService - Audit [WF-34650B78] Step 1: INTENT_CLASSIFIED by Orchestrator (risk: LOW, escalated: false)
2026-02-28 17:54:55 [http-nio-8080-exec-8] DEBUG c.e.H.service.AuditService - Audit [WF-34650B78] Step 1: INFORMATIONAL_QA by Orchestrator (risk: LOW, escalated: false)
2026-02-28 17:54:55 [http-nio-8080-exec-8] INFO  c.e.H.rag.HealthcareRagService - RAG retrieval for query: Where is the emergency room?
2026-02-28 17:54:55 [http-nio-8080-exec-8] DEBUG c.e.H.rag.QueryTransformationService - Attempting translation for query: Where is the emergency room?
2026-02-28 17:54:57 [http-nio-8080-exec-8] DEBUG c.e.H.rag.QueryTransformationService - Rewriting query: Where is the emergency room?
2026-02-28 17:54:59 [http-nio-8080-exec-8] DEBUG c.e.H.rag.QueryTransformationService - Rewritten query: Location and public entrance of the hospital Emergency Department (ED), including directions, floor/wing and patient/EMS access.
2026-02-28 17:54:59 [http-nio-8080-exec-8] DEBUG c.e.H.rag.HealthcareRagService - Transformed query: Location and public entrance of the hospital Emergency Department (ED), including directions, floor/wing and patient/EMS access.
2026-02-28 17:55:00 [http-nio-8080-exec-8] DEBUG c.e.H.rag.HealthcareRagService - Vector search returned 5 results
2026-02-28 17:55:00 [http-nio-8080-exec-8] DEBUG c.e.H.rag.PostRetrievalProcessor - Processing 5 retrieved documents
2026-02-28 17:55:00 [http-nio-8080-exec-8] DEBUG c.e.H.rag.PostRetrievalProcessor - After deduplication: 5 documents
2026-02-28 17:55:00 [http-nio-8080-exec-8] DEBUG c.e.H.rag.PostRetrievalProcessor - Final processed documents: 5
2026-02-28 17:55:07 [http-nio-8080-exec-8] DEBUG c.e.H.service.AuditService - Audit [WF-34650B78] Step 99: ORCHESTRATOR_COMPLETE by Orchestrator (risk: LOW, escalated: false)
2026-02-28 18:04:35 [http-nio-8080-exec-2] INFO  o.s.api.AbstractOpenApiResource - Init duration for springdoc-openapi is: 2016 ms
2026-02-28 18:04:53 [http-nio-8080-exec-4] INFO  c.e.H.controller.DocumentController - POST /documents/ingest/sop02
2026-02-28 18:04:53 [http-nio-8080-exec-4] INFO  c.e.H.s.DocumentIngestionService - Ingesting SOP 02: HA_SOP_02_Appointment_Scheduling_and_Rescheduling_Aligned.pdf
2026-02-28 18:04:57 [http-nio-8080-exec-4] WARN  org.apache.fontbox.ttf.CmapSubtable - Format 14 cmap table is not supported and will be ignored
2026-02-28 18:04:57 [http-nio-8080-exec-4] INFO  o.s.a.t.splitter.TextSplitter - Splitting up document into 5 chunks.
2026-02-28 18:04:57 [http-nio-8080-exec-4] INFO  o.s.ai.vectorstore.SimpleVectorStore - Calling EmbeddingModel for document id = 47fa1dba-9ea2-475c-af70-fbd8cb9da318
2026-02-28 18:04:59 [http-nio-8080-exec-4] INFO  o.s.ai.vectorstore.SimpleVectorStore - Calling EmbeddingModel for document id = 6d1a5457-081f-48b2-a3b5-5c61b6d342af
2026-02-28 18:04:59 [http-nio-8080-exec-4] INFO  o.s.ai.vectorstore.SimpleVectorStore - Calling EmbeddingModel for document id = 48569d4a-a962-4e0d-8d7e-b5bcc41230a2
2026-02-28 18:04:59 [http-nio-8080-exec-4] INFO  o.s.ai.vectorstore.SimpleVectorStore - Calling EmbeddingModel for document id = 87ad57f4-7a84-47bd-a965-fdf8328cdca5
2026-02-28 18:05:00 [http-nio-8080-exec-4] INFO  o.s.ai.vectorstore.SimpleVectorStore - Calling EmbeddingModel for document id = c89d41c2-126f-4595-bca5-e81982e5f602
2026-02-28 18:05:00 [http-nio-8080-exec-4] INFO  o.s.ai.vectorstore.SimpleVectorStore - Overwriting existing vector store file: .\data\vector-store.json
2026-02-28 18:05:00 [http-nio-8080-exec-4] INFO  c.e.H.s.DocumentIngestionService - Vector store saved to ./data/vector-store.json
2026-02-28 18:05:29 [http-nio-8080-exec-8] INFO  c.e.H.controller.ChatController - POST /ai/agent/health - message length: 21
2026-02-28 18:05:29 [http-nio-8080-exec-8] INFO  c.e.H.service.ChatService - Agent chat request: Schedule appointement
2026-02-28 18:05:29 [http-nio-8080-exec-8] INFO  c.e.H.agent.HealthAgentOrchestrator - [WF-41C63AC0] Orchestrator processing query
2026-02-28 18:05:29 [http-nio-8080-exec-8] DEBUG c.e.H.service.AuditService - Audit [WF-41C63AC0] Step 0: GUARDRAIL_PIPELINE by GuardrailPipeline (risk: LOW, escalated: false)
2026-02-28 18:05:30 [http-nio-8080-exec-8] DEBUG c.e.H.service.AuditService - Audit [WF-41C63AC0] Step 1: INTENT_CLASSIFIED by Orchestrator (risk: LOW, escalated: false)
2026-02-28 18:05:30 [http-nio-8080-exec-8] DEBUG c.e.H.service.AuditService - Audit [WF-41C63AC0] Step 99: ORCHESTRATOR_COMPLETE by Orchestrator (risk: LOW, escalated: false)
2026-02-28 18:16:28 [http-nio-8080-exec-9] INFO  c.e.H.controller.ChatController - POST /ai/agent/health - message length: 13
2026-02-28 18:16:28 [http-nio-8080-exec-9] INFO  c.e.H.service.ChatService - Agent chat request: Find a doctor
2026-02-28 18:16:28 [http-nio-8080-exec-9] INFO  c.e.H.agent.HealthAgentOrchestrator - [WF-BEAE6ACC] Orchestrator processing query
2026-02-28 18:16:28 [http-nio-8080-exec-9] DEBUG c.e.H.service.AuditService - Audit [WF-BEAE6ACC] Step 0: GUARDRAIL_PIPELINE by GuardrailPipeline (risk: LOW, escalated: false)
2026-02-28 18:16:31 [http-nio-8080-exec-9] DEBUG c.e.H.service.AuditService - Audit [WF-BEAE6ACC] Step 1: INTENT_CLASSIFIED by Orchestrator (risk: LOW, escalated: false)
2026-02-28 18:16:31 [http-nio-8080-exec-9] DEBUG c.e.H.service.AuditService - Audit [WF-BEAE6ACC] Step 1: DOCTOR_AVAILABILITY by Orchestrator (risk: LOW, escalated: false)
2026-02-28 18:16:31 [http-nio-8080-exec-9] DEBUG c.e.H.service.AuditService - Audit [WF-BEAE6ACC] Step 99: ORCHESTRATOR_COMPLETE by Orchestrator (risk: LOW, escalated: false)
2026-02-28 18:16:39 [http-nio-8080-exec-1] INFO  c.e.H.controller.ChatController - POST /ai/agent/health - message length: 33
2026-02-28 18:16:39 [http-nio-8080-exec-1] INFO  c.e.H.service.ChatService - Agent chat request: I want to schedule an appointment
2026-02-28 18:16:39 [http-nio-8080-exec-1] INFO  c.e.H.agent.HealthAgentOrchestrator - [WF-80FDAE3D] Orchestrator processing query
2026-02-28 18:16:39 [http-nio-8080-exec-1] DEBUG c.e.H.service.AuditService - Audit [WF-80FDAE3D] Step 0: GUARDRAIL_PIPELINE by GuardrailPipeline (risk: LOW, escalated: false)
2026-02-28 18:16:40 [http-nio-8080-exec-1] DEBUG c.e.H.service.AuditService - Audit [WF-80FDAE3D] Step 1: INTENT_CLASSIFIED by Orchestrator (risk: LOW, escalated: false)
2026-02-28 18:16:40 [http-nio-8080-exec-1] DEBUG c.e.H.service.AuditService - Audit [WF-80FDAE3D] Step 99: ORCHESTRATOR_COMPLETE by Orchestrator (risk: LOW, escalated: false)
2026-02-28 18:18:02 [http-nio-8080-exec-2] INFO  c.e.H.controller.ChatController - POST /ai/agent/health - message length: 180
2026-02-28 18:18:02 [http-nio-8080-exec-2] INFO  c.e.H.service.ChatService - Agent chat request: [FORM_SUBMIT:APPOINTMENT_FORM] patientName=Xyz | department=Cardiology | date=2026-02-28 | time=10:3
2026-02-28 18:18:02 [http-nio-8080-exec-2] INFO  c.e.H.agent.HealthAgentOrchestrator - [WF-B64993B0] Orchestrator processing query
2026-02-28 18:18:02 [http-nio-8080-exec-2] INFO  c.e.H.agent.HealthAgentOrchestrator - [WF-B64993B0] Form submission: type=APPOINTMENT_FORM
2026-02-28 18:18:02 [http-nio-8080-exec-2] DEBUG c.e.H.service.AuditService - Audit [WF-B64993B0] Step 1: APPOINTMENT_BOOKING by Orchestrator (risk: LOW, escalated: false)
2026-02-28 18:18:02 [http-nio-8080-exec-2] INFO  c.e.H.service.AppointmentService - Creating appointment for patient: Xyz with doctor ID: null in department: Cardiology
2026-02-28 18:18:02 [http-nio-8080-exec-2] INFO  c.e.H.service.AppointmentService - Appointment created successfully with ID: 4
2026-02-28 18:18:23 [http-nio-8080-exec-10] INFO  c.e.H.controller.ChatController - POST /ai/agent/health - message length: 33
2026-02-28 18:18:23 [http-nio-8080-exec-10] INFO  c.e.H.service.ChatService - Agent chat request: What are my schedule appointement
2026-02-28 18:18:23 [http-nio-8080-exec-10] INFO  c.e.H.agent.HealthAgentOrchestrator - [WF-6AABE266] Orchestrator processing query
2026-02-28 18:18:23 [http-nio-8080-exec-10] DEBUG c.e.H.service.AuditService - Audit [WF-6AABE266] Step 0: GUARDRAIL_PIPELINE by GuardrailPipeline (risk: LOW, escalated: false)
2026-02-28 18:18:26 [http-nio-8080-exec-10] DEBUG c.e.H.service.AuditService - Audit [WF-6AABE266] Step 1: INTENT_CLASSIFIED by Orchestrator (risk: LOW, escalated: false)
2026-02-28 18:18:26 [http-nio-8080-exec-10] DEBUG c.e.H.service.AuditService - Audit [WF-6AABE266] Step 99: ORCHESTRATOR_COMPLETE by Orchestrator (risk: LOW, escalated: false)
2026-02-28 18:18:42 [http-nio-8080-exec-7] INFO  c.e.H.controller.ChatController - POST /ai/agent/health - message length: 30
2026-02-28 18:18:42 [http-nio-8080-exec-7] INFO  c.e.H.service.ChatService - Agent chat request: Fetch my schedule appointement
2026-02-28 18:18:42 [http-nio-8080-exec-7] INFO  c.e.H.agent.HealthAgentOrchestrator - [WF-F4CB3BE9] Orchestrator processing query
2026-02-28 18:18:42 [http-nio-8080-exec-7] DEBUG c.e.H.service.AuditService - Audit [WF-F4CB3BE9] Step 0: GUARDRAIL_PIPELINE by GuardrailPipeline (risk: LOW, escalated: false)
2026-02-28 18:18:43 [http-nio-8080-exec-7] DEBUG c.e.H.service.AuditService - Audit [WF-F4CB3BE9] Step 1: INTENT_CLASSIFIED by Orchestrator (risk: LOW, escalated: false)
2026-02-28 18:18:43 [http-nio-8080-exec-7] DEBUG c.e.H.service.AuditService - Audit [WF-F4CB3BE9] Step 99: ORCHESTRATOR_COMPLETE by Orchestrator (risk: LOW, escalated: false)
2026-02-28 18:38:42 [http-nio-8080-exec-7] INFO  c.e.H.controller.ChatController - POST /ai/agent/health - message length: 30
2026-02-28 18:38:42 [http-nio-8080-exec-7] INFO  c.e.H.service.ChatService - Agent chat request: Show my scheduled appointments
2026-02-28 18:38:42 [http-nio-8080-exec-7] INFO  c.e.H.agent.HealthAgentOrchestrator - [WF-327B28B5] Orchestrator processing query
2026-02-28 18:38:42 [http-nio-8080-exec-7] DEBUG c.e.H.service.AuditService - Audit [WF-327B28B5] Step 0: GUARDRAIL_PIPELINE by GuardrailPipeline (risk: LOW, escalated: false)
2026-02-28 18:38:45 [http-nio-8080-exec-7] DEBUG c.e.H.service.AuditService - Audit [WF-327B28B5] Step 1: INTENT_CLASSIFIED by Orchestrator (risk: LOW, escalated: false)
2026-02-28 18:38:45 [http-nio-8080-exec-7] DEBUG c.e.H.service.AuditService - Audit [WF-327B28B5] Step 99: ORCHESTRATOR_COMPLETE by Orchestrator (risk: LOW, escalated: false)
2026-02-28 18:38:51 [http-nio-8080-exec-9] INFO  c.e.H.controller.ChatController - POST /ai/agent/health - message length: 30
2026-02-28 18:38:51 [http-nio-8080-exec-9] INFO  c.e.H.service.ChatService - Agent chat request: Show my scheduled appointments
2026-02-28 18:38:51 [http-nio-8080-exec-9] INFO  c.e.H.agent.HealthAgentOrchestrator - [WF-7766F75B] Orchestrator processing query
2026-02-28 18:38:51 [http-nio-8080-exec-9] DEBUG c.e.H.service.AuditService - Audit [WF-7766F75B] Step 0: GUARDRAIL_PIPELINE by GuardrailPipeline (risk: LOW, escalated: false)
2026-02-28 18:38:53 [http-nio-8080-exec-9] DEBUG c.e.H.service.AuditService - Audit [WF-7766F75B] Step 1: INTENT_CLASSIFIED by Orchestrator (risk: LOW, escalated: false)
2026-02-28 18:38:53 [http-nio-8080-exec-9] DEBUG c.e.H.service.AuditService - Audit [WF-7766F75B] Step 99: ORCHESTRATOR_COMPLETE by Orchestrator (risk: LOW, escalated: false)
2026-02-28 18:41:59 [http-nio-8080-exec-1] INFO  c.e.H.controller.ChatController - POST /ai/agent/health - message length: 30
2026-02-28 18:41:59 [http-nio-8080-exec-1] INFO  c.e.H.service.ChatService - Agent chat request: Show my scheduled appointments
2026-02-28 18:41:59 [http-nio-8080-exec-1] INFO  c.e.H.agent.HealthAgentOrchestrator - [WF-1910EDFF] Orchestrator processing query
2026-02-28 18:41:59 [http-nio-8080-exec-1] DEBUG c.e.H.service.AuditService - Audit [WF-1910EDFF] Step 0: GUARDRAIL_PIPELINE by GuardrailPipeline (risk: LOW, escalated: false)
2026-02-28 18:42:02 [http-nio-8080-exec-1] DEBUG c.e.H.service.AuditService - Audit [WF-1910EDFF] Step 1: INTENT_CLASSIFIED by Orchestrator (risk: LOW, escalated: false)
2026-02-28 18:42:02 [http-nio-8080-exec-1] DEBUG c.e.H.service.AuditService - Audit [WF-1910EDFF] Step 99: ORCHESTRATOR_COMPLETE by Orchestrator (risk: LOW, escalated: false)
2026-02-28 18:42:13 [http-nio-8080-exec-2] INFO  c.e.H.controller.ChatController - POST /ai/agent/health - message length: 30
2026-02-28 18:42:13 [http-nio-8080-exec-2] INFO  c.e.H.service.ChatService - Agent chat request: Show my scheduled appointments
2026-02-28 18:42:13 [http-nio-8080-exec-2] INFO  c.e.H.agent.HealthAgentOrchestrator - [WF-9BD6C727] Orchestrator processing query
2026-02-28 18:42:13 [http-nio-8080-exec-2] DEBUG c.e.H.service.AuditService - Audit [WF-9BD6C727] Step 0: GUARDRAIL_PIPELINE by GuardrailPipeline (risk: LOW, escalated: false)
2026-02-28 18:42:15 [http-nio-8080-exec-2] DEBUG c.e.H.service.AuditService - Audit [WF-9BD6C727] Step 1: INTENT_CLASSIFIED by Orchestrator (risk: LOW, escalated: false)
2026-02-28 18:42:15 [http-nio-8080-exec-2] DEBUG c.e.H.service.AuditService - Audit [WF-9BD6C727] Step 99: ORCHESTRATOR_COMPLETE by Orchestrator (risk: LOW, escalated: false)
